C51 COMPILER V9.54   MAIN                                                                  12/24/2022 23:18:40 PAGE 1   


C51 COMPILER V9.54, COMPILATION OF MODULE MAIN
OBJECT MODULE PLACED IN .\Objects\main.obj
COMPILER INVOKED BY: D:\keil5\C51\BIN\C51.EXE main.c OPTIMIZE(8,SPEED) BROWSE DEBUG OBJECTEXTEND PRINT(.\Listings\main.l
                    -st) TABS(2) OBJECT(.\Objects\main.obj)

line level    source

   1          #include <REGX52.H>
   2          #define time 300
   3          void Delayms(int x)   //@12.000MHz
   4          {
   5   1        unsigned char i, j;
   6   1        int a;
   7   1        for(a=0;a<x;a++)
   8   1        {
   9   2          i = 2;
  10   2          j = 239;
  11   2          do
  12   2          {
  13   3            while (--j);
  14   3          } while (--i);
  15   2        }
  16   1      }
  17          void main()
  18          {
  19   1        while(1)
  20   1        {
  21   2          P2=0xfe;
  22   2          Delayms(time);
  23   2          P2=0xfd;
  24   2          Delayms(time);
  25   2          P2=0xfb;
  26   2          Delayms(time);
  27   2          P2=0xf7;
  28   2          Delayms(time);
  29   2          P2=0xef;
  30   2          Delayms(time);
  31   2          P2=0xdf;
  32   2          Delayms(time);
  33   2          P2=0xbf;
  34   2          Delayms(time);
  35   2          P2=0x7f;
  36   2          Delayms(time);
  37   2        }
  38   1      }


MODULE INFORMATION:   STATIC OVERLAYABLE
   CODE SIZE        =     86    ----
   CONSTANT SIZE    =   ----    ----
   XDATA SIZE       =   ----    ----
   PDATA SIZE       =   ----    ----
   DATA SIZE        =   ----    ----
   IDATA SIZE       =   ----    ----
   BIT SIZE         =   ----    ----
END OF MODULE INFORMATION.


C51 COMPILATION COMPLETE.  0 WARNING(S),  0 ERROR(S)
