C51 COMPILER V9.54   MAIN                                                                  12/24/2022 22:43:41 PAGE 1   


C51 COMPILER V9.54, COMPILATION OF MODULE MAIN
OBJECT MODULE PLACED IN .\Objects\main.obj
COMPILER INVOKED BY: D:\keil5\C51\BIN\C51.EXE main.c OPTIMIZE(8,SPEED) BROWSE DEBUG OBJECTEXTEND PRINT(.\Listings\main.l
                    -st) TABS(2) OBJECT(.\Objects\main.obj)

line level    source

   1          #include <REGX52.H>
   2          #include <intrins.h>
   3          void Delay500ms()   //@12.000MHz
   4          {
   5   1        unsigned char i, j, k;
   6   1      
   7   1        _nop_();
   8   1        i = 4;
   9   1        j = 205;
  10   1        k = 187;
  11   1        do
  12   1        {
  13   2          do
  14   2          {
  15   3            while (--k);
  16   3          } while (--j);
  17   2        } while (--i);
  18   1      }
  19          
  20          void main()
  21          {
  22   1        while(1)
  23   1        {
  24   2          P2=0xfe;
  25   2          Delay500ms();
  26   2          P2=0xfd;
  27   2          Delay500ms();
  28   2          P2=0xfb;
  29   2          Delay500ms();
  30   2          P2=0xf7;
  31   2          Delay500ms();
  32   2          P2=0xef;
  33   2          Delay500ms();
  34   2          P2=0xdf;
  35   2          Delay500ms();
  36   2          P2=0xbf;
  37   2          Delay500ms();
  38   2          P2=0x7f;
  39   2          Delay500ms();
  40   2        }
  41   1      }


MODULE INFORMATION:   STATIC OVERLAYABLE
   CODE SIZE        =     64    ----
   CONSTANT SIZE    =   ----    ----
   XDATA SIZE       =   ----    ----
   PDATA SIZE       =   ----    ----
   DATA SIZE        =   ----    ----
   IDATA SIZE       =   ----    ----
   BIT SIZE         =   ----    ----
END OF MODULE INFORMATION.


C51 COMPILATION COMPLETE.  0 WARNING(S),  0 ERROR(S)
